<?xml version="1.0" encoding="UTF-8"?>
<coverage generated="1735065307425" clover="3.2.0">
  <project timestamp="1735065307425" name="All files">
    <metrics statements="22" coveredstatements="22" conditionals="4" coveredconditionals="4" methods="2" coveredmethods="2" elements="28" coveredelements="28" complexity="0" loc="22" ncloc="22" packages="1" files="1" classes="1"/>
    <file name="create-table.use-case.ts" path="C:\Users\Kjoel\Desktop\Cursos\Node.js\04-multiplication\src\domain\use-case\create-table.use-case.ts">
      <metrics statements="22" coveredstatements="22" conditionals="4" coveredconditionals="4" methods="2" coveredmethods="2"/>
      <line num="1" count="1" type="stmt"/>
      <line num="2" count="1" type="stmt"/>
      <line num="3" count="1" type="stmt"/>
      <line num="4" count="1" type="stmt"/>
      <line num="5" count="1" type="stmt"/>
      <line num="6" count="1" type="stmt"/>
      <line num="7" count="1" type="stmt"/>
      <line num="8" count="1" type="stmt"/>
      <line num="9" count="1" type="stmt"/>
      <line num="10" count="1" type="stmt"/>
      <line num="11" count="1" type="cond" truecount="1" falsecount="0"/>
      <line num="12" count="1" type="stmt"/>
      <line num="13" count="1" type="cond" truecount="1" falsecount="0"/>
      <line num="14" count="2" type="stmt"/>
      <line num="15" count="2" type="cond" truecount="1" falsecount="0"/>
      <line num="16" count="30" type="stmt"/>
      <line num="17" count="30" type="stmt"/>
      <line num="18" count="30" type="cond" truecount="1" falsecount="0"/>
      <line num="19" count="30" type="stmt"/>
      <line num="20" count="2" type="stmt"/>
      <line num="21" count="2" type="stmt"/>
      <line num="22" count="1" type="stmt"/>
    </file>
  </project>
</coverage>
